<?xml version="1.0" encoding="utf-8"?><testsuites name="pytest tests"><testsuite name="pytest" errors="0" failures="0" skipped="0" tests="16" time="3.021" timestamp="2026-07-12T22:10:21.032189+00:00" hostname="agent-env-1d9cbf39-d6f0-4d35-b049-c8d530919e3a"><testcase classname="backend.tests.test_hmgeomatics_v3.TestContentEmailAndServices" name="test_content_has_email" time="0.189" /><testcase classname="backend.tests.test_hmgeomatics_v3.TestContentEmailAndServices" name="test_content_has_9_services_with_new_fields" time="0.102" /><testcase classname="backend.tests.test_hmgeomatics_v3.TestServiceBySlug" name="test_get_each_service_slug[land-boundary-survey]" time="0.145" /><testcase classname="backend.tests.test_hmgeomatics_v3.TestServiceBySlug" name="test_get_each_service_slug[topographic-survey-mapping]" time="0.099" /><testcase classname="backend.tests.test_hmgeomatics_v3.TestServiceBySlug" name="test_get_each_service_slug[engineering-survey]" time="0.144" /><testcase classname="backend.tests.test_hmgeomatics_v3.TestServiceBySlug" name="test_get_each_service_slug[title-cadastral-survey]" time="0.135" /><testcase classname="backend.tests.test_hmgeomatics_v3.TestServiceBySlug" name="test_get_each_service_slug[hydrographic-survey]" time="0.104" /><testcase classname="backend.tests.test_hmgeomatics_v3.TestServiceBySlug" name="test_get_each_service_slug[lidar-survey]" time="0.109" /><testcase classname="backend.tests.test_hmgeomatics_v3.TestServiceBySlug" name="test_get_each_service_slug[underground-utility-detection-mapping]" time="0.106" /><testcase classname="backend.tests.test_hmgeomatics_v3.TestServiceBySlug" name="test_get_each_service_slug[mining-survey]" time="0.098" /><testcase classname="backend.tests.test_hmgeomatics_v3.TestServiceBySlug" name="test_get_each_service_slug[drone-survey-uav]" time="0.107" /><testcase classname="backend.tests.test_hmgeomatics_v3.TestServiceBySlug" name="test_get_unknown_slug_returns_404" time="0.115" /><testcase classname="backend.tests.test_hmgeomatics_v3.TestServiceBySlug" name="test_get_specific_slug_land_boundary" time="0.125" /><testcase classname="backend.tests.test_hmgeomatics_v3.TestAdminContentEmail" name="test_update_email_and_restore" time="0.851" /><testcase classname="backend.tests.test_hmgeomatics_v3.TestEnquiryRegression" name="test_enquiry_post_still_succeeds" time="0.104" /><testcase classname="backend.tests.test_hmgeomatics_v3" name="test_zz_cleanup_v3" time="0.210" /></testsuite></testsuites>