<?xml version="1.0" encoding="utf-8"?><testsuites name="pytest tests"><testsuite name="pytest" errors="0" failures="0" skipped="1" tests="20" time="5.510" timestamp="2026-05-21T00:55:47.426269+00:00" hostname="agent-env-1d9cbf39-d6f0-4d35-b049-c8d530919e3a"><testcase classname="backend.tests.test_hmgeomatics_v2.TestAuth" name="test_login_success" time="0.458" /><testcase classname="backend.tests.test_hmgeomatics_v2.TestAuth" name="test_login_wrong_password" time="0.409" /><testcase classname="backend.tests.test_hmgeomatics_v2.TestAuth" name="test_me_with_token" time="0.119" /><testcase classname="backend.tests.test_hmgeomatics_v2.TestAuth" name="test_me_without_token" time="0.122" /><testcase classname="backend.tests.test_hmgeomatics_v2.TestAuth" name="test_me_invalid_token" time="0.119" /><testcase classname="backend.tests.test_hmgeomatics_v2.TestAuth" name="test_legacy_admin_login" time="0.333" /><testcase classname="backend.tests.test_hmgeomatics_v2.TestContent" name="test_get_content_public" time="0.138" /><testcase classname="backend.tests.test_hmgeomatics_v2.TestContent" name="test_put_content_requires_auth" time="0.119" /><testcase classname="backend.tests.test_hmgeomatics_v2.TestContent" name="test_put_content_updates" time="0.576" /><testcase classname="backend.tests.test_hmgeomatics_v2.TestProjects" name="test_list_public" time="0.142" /><testcase classname="backend.tests.test_hmgeomatics_v2.TestProjects" name="test_admin_endpoints_require_auth" time="0.457" /><testcase classname="backend.tests.test_hmgeomatics_v2.TestProjects" name="test_project_crud_lifecycle" time="0.777" /><testcase classname="backend.tests.test_hmgeomatics_v2.TestUpload" name="test_upload_requires_auth" time="0.119" /><testcase classname="backend.tests.test_hmgeomatics_v2.TestUpload" name="test_upload_png_success" time="0.274" /><testcase classname="backend.tests.test_hmgeomatics_v2.TestUpload" name="test_upload_unsupported_ext" time="0.135" /><testcase classname="backend.tests.test_hmgeomatics_v2.TestEnquiries" name="test_create_enquiry_without_smtp" time="0.112" /><testcase classname="backend.tests.test_hmgeomatics_v2.TestEnquiries" name="test_list_enquiries_requires_auth" time="0.138" /><testcase classname="backend.tests.test_hmgeomatics_v2.TestEnquiries" name="test_list_and_delete_enquiry" time="0.364" /><testcase classname="backend.tests.test_hmgeomatics_v2.TestBruteForce" name="test_rate_limit_after_5_failures" time="0.000"><skipped type="pytest.skip" message="Skipped to avoid locking out test IP for 15 min. Run manually if needed.">/app/backend/tests/test_hmgeomatics_v2.py:275: Skipped to avoid locking out test IP for 15 min. Run manually if needed.</skipped></testcase><testcase classname="backend.tests.test_hmgeomatics_v2" name="test_zz_cleanup" time="0.384" /></testsuite></testsuites>