<?xml version="1.0" encoding="utf-8"?><testsuites name="pytest tests"><testsuite name="pytest" errors="0" failures="0" skipped="0" tests="12" time="2.462" timestamp="2026-05-20T05:37:08.943103+00:00" hostname="agent-env-1d9cbf39-d6f0-4d35-b049-c8d530919e3a"><testcase classname="backend.tests.test_hmgeomatics_api" name="test_health" time="0.232" /><testcase classname="backend.tests.test_hmgeomatics_api" name="test_create_enquiry_minimal" time="0.115" /><testcase classname="backend.tests.test_hmgeomatics_api" name="test_create_enquiry_full" time="0.124" /><testcase classname="backend.tests.test_hmgeomatics_api" name="test_create_enquiry_invalid_email" time="0.105" /><testcase classname="backend.tests.test_hmgeomatics_api" name="test_create_enquiry_missing_fields" time="0.296" /><testcase classname="backend.tests.test_hmgeomatics_api" name="test_admin_login_success" time="0.102" /><testcase classname="backend.tests.test_hmgeomatics_api" name="test_admin_login_wrong" time="0.104" /><testcase classname="backend.tests.test_hmgeomatics_api" name="test_admin_list_no_token" time="0.106" /><testcase classname="backend.tests.test_hmgeomatics_api" name="test_admin_list_with_token_sorted_no_id" time="0.248" /><testcase classname="backend.tests.test_hmgeomatics_api" name="test_delete_enquiry_flow" time="0.463" /><testcase classname="backend.tests.test_hmgeomatics_api" name="test_delete_nonexistent" time="0.143" /><testcase classname="backend.tests.test_hmgeomatics_api" name="test_zz_cleanup_test_data" time="0.311" /></testsuite></testsuites>